[debug] [2019-09-22T14:26:00.064Z] ----------------------------------------------------------------------
[debug] [2019-09-22T14:26:00.067Z] Command:       C:\Program Files\nodejs\node.exe C:\Users\tzar4\AppData\Roaming\npm\node_modules\firebase-tools\lib\bin\firebase.js serve
[debug] [2019-09-22T14:26:00.068Z] CLI Version:   7.3.2
[debug] [2019-09-22T14:26:00.068Z] Platform:      win32
[debug] [2019-09-22T14:26:00.068Z] Node Version:  v10.16.0
[debug] [2019-09-22T14:26:00.069Z] Time:          Sun Sep 22 2019 17:26:00 GMT+0300 (GMT+03:00)
[debug] [2019-09-22T14:26:00.069Z] ----------------------------------------------------------------------
[debug] 
[debug] [2019-09-22T14:26:00.077Z] > command requires scopes: ["email","openid","https://www.googleapis.com/auth/cloudplatformprojects.readonly","https://www.googleapis.com/auth/firebase","https://www.googleapis.com/auth/cloud-platform"]
[debug] [2019-09-22T14:26:00.078Z] > authorizing via signed-in user
[debug] [2019-09-22T14:26:00.078Z] [iam] checking project testtaskdzyuba for permissions ["firebase.projects.get"]
[debug] [2019-09-22T14:26:00.080Z] >>> HTTP REQUEST POST https://cloudresourcemanager.googleapis.com/v1/projects/testtaskdzyuba:testIamPermissions  

[debug] [2019-09-22T14:26:01.111Z] <<< HTTP RESPONSE 200
[debug] [2019-09-22T14:26:01.113Z] >>> HTTP REQUEST GET https://firebase.googleapis.com/v1beta1/projects/testtaskdzyuba  
 
[debug] [2019-09-22T14:26:01.368Z] <<< HTTP RESPONSE 200
[info] 
[info] === Serving from 'E:\Projects\TestTaskDzuba'...
[info] 
[debug] [2019-09-22T14:26:01.374Z] >>> HTTP REQUEST GET https://firebase.googleapis.com/v1beta1/projects/testtaskdzyuba/webApps/-/config  
 
[warn] !  Your requested "node" version "8" doesn't match your global version "10"
[info] +  functions: Emulator started at http://localhost:5001
[debug] [2019-09-22T14:26:01.831Z] <<< HTTP RESPONSE 200
[info] i  functions: Watching "E:\Projects\TestTaskDzuba\functions" for Cloud Functions...
[info] i  hosting: Serving hosting files from: dist
[info] +  hosting: Local server: http://localhost:5000
[debug] [2019-09-22T14:26:02.307Z] [runtime-status] Functions runtime initialized. {"cwd":"E:\\Projects\\TestTaskDzuba\\functions","node_version":"10.16.0"}
[debug] [2019-09-22T14:26:02.307Z] [runtime-status] Disabled runtime features: {"functions_config_helper":true,"network_filtering":true,"timeout":true,"memory_limiting":true,"admin_stubs":true} {}
[debug] [2019-09-22T14:26:02.310Z] [runtime-status] Resolved module firebase-admin {"declared":true,"installed":true,"version":"8.6.0","resolution":"E:\\Projects\\TestTaskDzuba\\functions\\node_modules\\firebase-admin\\lib\\index.js"}
[debug] [2019-09-22T14:26:02.311Z] [runtime-status] Resolved module firebase-functions {"declared":true,"installed":true,"version":"3.2.0","resolution":"E:\\Projects\\TestTaskDzuba\\functions\\node_modules\\firebase-functions\\lib\\index.js"}
[debug] [2019-09-22T14:26:02.312Z] [runtime-status] Resolved module firebase-functions {"declared":true,"installed":true,"version":"3.2.0","resolution":"E:\\Projects\\TestTaskDzuba\\functions\\node_modules\\firebase-functions\\lib\\index.js"}
[info] +  functions[onImageUpload]: http function initialized (http://localhost:5001/testtaskdzyuba/us-central1/onImageUpload).
[debug] [2019-09-22T14:26:08.816Z] Accepted request OPTIONS /testtaskdzyuba/us-central1/onImageUpload --> onImageUpload
[debug] [2019-09-22T14:26:09.255Z] [runtime-status] Functions runtime initialized. {"cwd":"E:\\Projects\\TestTaskDzuba\\functions","node_version":"10.16.0"}
[info] i  functions: Beginning execution of "onImageUpload"
[debug] [2019-09-22T14:26:09.257Z] [runtime-status] Disabled runtime features: {"functions_config_helper":true,"network_filtering":true,"timeout":true,"memory_limiting":true,"admin_stubs":true} {}
[debug] [2019-09-22T14:26:09.259Z] [runtime-status] Resolved module firebase-admin {"declared":true,"installed":true,"version":"8.6.0","resolution":"E:\\Projects\\TestTaskDzuba\\functions\\node_modules\\firebase-admin\\lib\\index.js"}
[debug] [2019-09-22T14:26:09.260Z] [runtime-status] Resolved module firebase-functions {"declared":true,"installed":true,"version":"3.2.0","resolution":"E:\\Projects\\TestTaskDzuba\\functions\\node_modules\\firebase-functions\\lib\\index.js"}
[debug] [2019-09-22T14:26:09.261Z] [runtime-status] Resolved module firebase-functions {"declared":true,"installed":true,"version":"3.2.0","resolution":"E:\\Projects\\TestTaskDzuba\\functions\\node_modules\\firebase-functions\\lib\\index.js"}
[debug] [2019-09-22T14:26:09.580Z] [runtime-status] Trigger "onImageUpload" has been found, beginning invocation! {}
[debug] [2019-09-22T14:26:09.580Z] [runtime-status]  {"httpsTrigger":{},"name":"onImageUpload","entryPoint":"onImageUpload"}
[debug] [2019-09-22T14:26:09.580Z] [runtime-status] Running onImageUpload in mode HTTPS {}
[debug] [2019-09-22T14:26:09.588Z] {"socketPath":"\\\\?\\pipe\\E:\\Projects\\TestTaskDzuba\\functions\\13384"}
[debug] [2019-09-22T14:26:09.590Z] [functions] Runtime ready! Sending request! {"socketPath":"\\\\?\\pipe\\E:\\Projects\\TestTaskDzuba\\functions\\13384"}
[debug] [2019-09-22T14:26:09.597Z] [runtime-status] Ephemeral server used! {}
[debug] [2019-09-22T14:26:09.601Z] [runtime-status] Ephemeral server survived. {}
[info] i  functions: Finished "onImageUpload" in ~1s
[debug] [2019-09-22T14:28:58.807Z] ----------------------------------------------------------------------
[debug] [2019-09-22T14:28:58.810Z] Command:       C:\Program Files\nodejs\node.exe C:\Users\tzar4\AppData\Roaming\npm\node_modules\firebase-tools\lib\bin\firebase.js serve
[debug] [2019-09-22T14:28:58.810Z] CLI Version:   7.3.2
[debug] [2019-09-22T14:28:58.810Z] Platform:      win32
[debug] [2019-09-22T14:28:58.810Z] Node Version:  v10.16.0
[debug] [2019-09-22T14:28:58.811Z] Time:          Sun Sep 22 2019 17:28:58 GMT+0300 (GMT+03:00)
[debug] [2019-09-22T14:28:58.811Z] ----------------------------------------------------------------------
[debug] 
[debug] [2019-09-22T14:28:58.820Z] > command requires scopes: ["email","openid","https://www.googleapis.com/auth/cloudplatformprojects.readonly","https://www.googleapis.com/auth/firebase","https://www.googleapis.com/auth/cloud-platform"]
[debug] [2019-09-22T14:28:58.821Z] > authorizing via signed-in user
[debug] [2019-09-22T14:28:58.821Z] [iam] checking project testtaskdzyuba for permissions ["firebase.projects.get"]
[debug] [2019-09-22T14:28:58.823Z] >>> HTTP REQUEST POST https://cloudresourcemanager.googleapis.com/v1/projects/testtaskdzyuba:testIamPermissions  

[debug] [2019-09-22T14:28:59.851Z] <<< HTTP RESPONSE 200
[debug] [2019-09-22T14:28:59.853Z] >>> HTTP REQUEST GET https://firebase.googleapis.com/v1beta1/projects/testtaskdzyuba  
 
[debug] [2019-09-22T14:29:00.125Z] <<< HTTP RESPONSE 200
[info] 
[info] === Serving from 'E:\Projects\TestTaskDzuba'...
[info] 
[debug] [2019-09-22T14:29:00.129Z] >>> HTTP REQUEST GET https://firebase.googleapis.com/v1beta1/projects/testtaskdzyuba/webApps/-/config  
 
[warn] !  Your requested "node" version "8" doesn't match your global version "10"
[info] +  functions: Emulator started at http://localhost:5001
[debug] [2019-09-22T14:29:00.622Z] <<< HTTP RESPONSE 200
[info] i  functions: Watching "E:\Projects\TestTaskDzuba\functions" for Cloud Functions...
[info] i  hosting: Serving hosting files from: dist
[info] +  hosting: Local server: http://localhost:5000
[debug] [2019-09-22T14:29:01.118Z] [runtime-status] Functions runtime initialized. {"cwd":"E:\\Projects\\TestTaskDzuba\\functions","node_version":"10.16.0"}
[debug] [2019-09-22T14:29:01.118Z] [runtime-status] Disabled runtime features: {"functions_config_helper":true,"network_filtering":true,"timeout":true,"memory_limiting":true,"admin_stubs":true} {}
[debug] [2019-09-22T14:29:01.120Z] [runtime-status] Resolved module firebase-admin {"declared":true,"installed":true,"version":"8.6.0","resolution":"E:\\Projects\\TestTaskDzuba\\functions\\node_modules\\firebase-admin\\lib\\index.js"}
[debug] [2019-09-22T14:29:01.122Z] [runtime-status] Resolved module firebase-functions {"declared":true,"installed":true,"version":"3.2.0","resolution":"E:\\Projects\\TestTaskDzuba\\functions\\node_modules\\firebase-functions\\lib\\index.js"}
[debug] [2019-09-22T14:29:01.123Z] [runtime-status] Resolved module firebase-functions {"declared":true,"installed":true,"version":"3.2.0","resolution":"E:\\Projects\\TestTaskDzuba\\functions\\node_modules\\firebase-functions\\lib\\index.js"}
[info] +  functions[onImageUpload]: http function initialized (http://localhost:5001/testtaskdzyuba/us-central1/onImageUpload).
[debug] [2019-09-22T14:29:14.233Z] Accepted request OPTIONS /testtaskdzyuba/us-central1/onImageUpload --> onImageUpload
[debug] [2019-09-22T14:29:14.667Z] [runtime-status] Functions runtime initialized. {"cwd":"E:\\Projects\\TestTaskDzuba\\functions","node_version":"10.16.0"}
[info] i  functions: Beginning execution of "onImageUpload"
[debug] [2019-09-22T14:29:14.668Z] [runtime-status] Disabled runtime features: {"functions_config_helper":true,"network_filtering":true,"timeout":true,"memory_limiting":true,"admin_stubs":true} {}
[debug] [2019-09-22T14:29:14.671Z] [runtime-status] Resolved module firebase-admin {"declared":true,"installed":true,"version":"8.6.0","resolution":"E:\\Projects\\TestTaskDzuba\\functions\\node_modules\\firebase-admin\\lib\\index.js"}
[debug] [2019-09-22T14:29:14.673Z] [runtime-status] Resolved module firebase-functions {"declared":true,"installed":true,"version":"3.2.0","resolution":"E:\\Projects\\TestTaskDzuba\\functions\\node_modules\\firebase-functions\\lib\\index.js"}
[debug] [2019-09-22T14:29:14.674Z] [runtime-status] Resolved module firebase-functions {"declared":true,"installed":true,"version":"3.2.0","resolution":"E:\\Projects\\TestTaskDzuba\\functions\\node_modules\\firebase-functions\\lib\\index.js"}
[debug] [2019-09-22T14:29:15.011Z] [runtime-status] Trigger "onImageUpload" has been found, beginning invocation! {}
[debug] [2019-09-22T14:29:15.011Z] [runtime-status]  {"httpsTrigger":{},"name":"onImageUpload","entryPoint":"onImageUpload"}
[debug] [2019-09-22T14:29:15.012Z] [runtime-status] Running onImageUpload in mode HTTPS {}
[debug] [2019-09-22T14:29:15.019Z] {"socketPath":"\\\\?\\pipe\\E:\\Projects\\TestTaskDzuba\\functions\\1124"}
[debug] [2019-09-22T14:29:15.021Z] [functions] Runtime ready! Sending request! {"socketPath":"\\\\?\\pipe\\E:\\Projects\\TestTaskDzuba\\functions\\1124"}
[debug] [2019-09-22T14:29:15.029Z] [runtime-status] Ephemeral server used! {}
[debug] [2019-09-22T14:29:15.033Z] [runtime-status] Ephemeral server survived. {}
[info] i  functions: Finished "onImageUpload" in ~1s
[debug] [2019-09-22T14:30:21.603Z] File E:\Projects\TestTaskDzuba\functions\lib\index.js changed, reloading triggers
[debug] [2019-09-22T14:30:23.128Z] [runtime-status] Functions runtime initialized. {"cwd":"E:\\Projects\\TestTaskDzuba\\functions","node_version":"10.16.0"}
[debug] [2019-09-22T14:30:23.129Z] [runtime-status] Disabled runtime features: {"functions_config_helper":true,"network_filtering":true,"timeout":true,"memory_limiting":true,"admin_stubs":true} {}
[debug] [2019-09-22T14:30:23.132Z] [runtime-status] Resolved module firebase-admin {"declared":true,"installed":true,"version":"8.6.0","resolution":"E:\\Projects\\TestTaskDzuba\\functions\\node_modules\\firebase-admin\\lib\\index.js"}
[debug] [2019-09-22T14:30:23.133Z] [runtime-status] Resolved module firebase-functions {"declared":true,"installed":true,"version":"3.2.0","resolution":"E:\\Projects\\TestTaskDzuba\\functions\\node_modules\\firebase-functions\\lib\\index.js"}
[debug] [2019-09-22T14:30:23.134Z] [runtime-status] Resolved module firebase-functions {"declared":true,"installed":true,"version":"3.2.0","resolution":"E:\\Projects\\TestTaskDzuba\\functions\\node_modules\\firebase-functions\\lib\\index.js"}
[debug] [2019-09-22T14:30:51.168Z] ----------------------------------------------------------------------
[debug] [2019-09-22T14:30:51.170Z] Command:       C:\Program Files\nodejs\node.exe C:\Users\tzar4\AppData\Roaming\npm\node_modules\firebase-tools\lib\bin\firebase.js serve
[debug] [2019-09-22T14:30:51.170Z] CLI Version:   7.3.2
[debug] [2019-09-22T14:30:51.170Z] Platform:      win32
[debug] [2019-09-22T14:30:51.170Z] Node Version:  v10.16.0
[debug] [2019-09-22T14:30:51.171Z] Time:          Sun Sep 22 2019 17:30:51 GMT+0300 (GMT+03:00)
[debug] [2019-09-22T14:30:51.171Z] ----------------------------------------------------------------------
[debug] 
[debug] [2019-09-22T14:30:51.179Z] > command requires scopes: ["email","openid","https://www.googleapis.com/auth/cloudplatformprojects.readonly","https://www.googleapis.com/auth/firebase","https://www.googleapis.com/auth/cloud-platform"]
[debug] [2019-09-22T14:30:51.180Z] > authorizing via signed-in user
[debug] [2019-09-22T14:30:51.180Z] [iam] checking project testtaskdzyuba for permissions ["firebase.projects.get"]
[debug] [2019-09-22T14:30:51.182Z] >>> HTTP REQUEST POST https://cloudresourcemanager.googleapis.com/v1/projects/testtaskdzyuba:testIamPermissions  

[debug] [2019-09-22T14:30:52.204Z] <<< HTTP RESPONSE 200
[debug] [2019-09-22T14:30:52.206Z] >>> HTTP REQUEST GET https://firebase.googleapis.com/v1beta1/projects/testtaskdzyuba  
 
[debug] [2019-09-22T14:30:52.468Z] <<< HTTP RESPONSE 200
[info] 
[info] === Serving from 'E:\Projects\TestTaskDzuba'...
[info] 
[debug] [2019-09-22T14:30:52.473Z] >>> HTTP REQUEST GET https://firebase.googleapis.com/v1beta1/projects/testtaskdzyuba/webApps/-/config  
 
[warn] !  Your requested "node" version "8" doesn't match your global version "10"
[info] +  functions: Emulator started at http://localhost:5001
[debug] [2019-09-22T14:30:53.066Z] <<< HTTP RESPONSE 200
[info] i  functions: Watching "E:\Projects\TestTaskDzuba\functions" for Cloud Functions...
[info] i  hosting: Serving hosting files from: dist
[info] +  hosting: Local server: http://localhost:5000
[debug] [2019-09-22T14:30:53.516Z] [runtime-status] Functions runtime initialized. {"cwd":"E:\\Projects\\TestTaskDzuba\\functions","node_version":"10.16.0"}
[debug] [2019-09-22T14:30:53.516Z] [runtime-status] Disabled runtime features: {"functions_config_helper":true,"network_filtering":true,"timeout":true,"memory_limiting":true,"admin_stubs":true} {}
[debug] [2019-09-22T14:30:53.518Z] [runtime-status] Resolved module firebase-admin {"declared":true,"installed":true,"version":"8.6.0","resolution":"E:\\Projects\\TestTaskDzuba\\functions\\node_modules\\firebase-admin\\lib\\index.js"}
[debug] [2019-09-22T14:30:53.520Z] [runtime-status] Resolved module firebase-functions {"declared":true,"installed":true,"version":"3.2.0","resolution":"E:\\Projects\\TestTaskDzuba\\functions\\node_modules\\firebase-functions\\lib\\index.js"}
[debug] [2019-09-22T14:30:53.520Z] [runtime-status] Resolved module firebase-functions {"declared":true,"installed":true,"version":"3.2.0","resolution":"E:\\Projects\\TestTaskDzuba\\functions\\node_modules\\firebase-functions\\lib\\index.js"}
[info] +  functions[onImageUpload]: http function initialized (http://localhost:5001/testtaskdzyuba/us-central1/onImageUpload).
[debug] [2019-09-22T14:31:01.564Z] Accepted request OPTIONS /testtaskdzyuba/us-central1/onImageUpload --> onImageUpload
[debug] [2019-09-22T14:31:01.993Z] [runtime-status] Functions runtime initialized. {"cwd":"E:\\Projects\\TestTaskDzuba\\functions","node_version":"10.16.0"}
[info] i  functions: Beginning execution of "onImageUpload"
[debug] [2019-09-22T14:31:01.995Z] [runtime-status] Disabled runtime features: {"functions_config_helper":true,"network_filtering":true,"timeout":true,"memory_limiting":true,"admin_stubs":true} {}
[debug] [2019-09-22T14:31:01.997Z] [runtime-status] Resolved module firebase-admin {"declared":true,"installed":true,"version":"8.6.0","resolution":"E:\\Projects\\TestTaskDzuba\\functions\\node_modules\\firebase-admin\\lib\\index.js"}
[debug] [2019-09-22T14:31:01.998Z] [runtime-status] Resolved module firebase-functions {"declared":true,"installed":true,"version":"3.2.0","resolution":"E:\\Projects\\TestTaskDzuba\\functions\\node_modules\\firebase-functions\\lib\\index.js"}
[debug] [2019-09-22T14:31:01.999Z] [runtime-status] Resolved module firebase-functions {"declared":true,"installed":true,"version":"3.2.0","resolution":"E:\\Projects\\TestTaskDzuba\\functions\\node_modules\\firebase-functions\\lib\\index.js"}
[debug] [2019-09-22T14:31:02.329Z] [runtime-status] Trigger "onImageUpload" has been found, beginning invocation! {}
[debug] [2019-09-22T14:31:02.330Z] [runtime-status]  {"httpsTrigger":{},"name":"onImageUpload","entryPoint":"onImageUpload"}
[debug] [2019-09-22T14:31:02.330Z] [runtime-status] Running onImageUpload in mode HTTPS {}
[debug] [2019-09-22T14:31:02.338Z] {"socketPath":"\\\\?\\pipe\\E:\\Projects\\TestTaskDzuba\\functions\\7264"}
[debug] [2019-09-22T14:31:02.340Z] [functions] Runtime ready! Sending request! {"socketPath":"\\\\?\\pipe\\E:\\Projects\\TestTaskDzuba\\functions\\7264"}
[debug] [2019-09-22T14:31:02.347Z] [runtime-status] Ephemeral server used! {}
[debug] [2019-09-22T14:31:02.351Z] [runtime-status] Ephemeral server survived. {}
[info] i  functions: Finished "onImageUpload" in ~1s
[debug] [2019-09-22T14:31:21.419Z] File E:\Projects\TestTaskDzuba\functions\src\index.ts changed, reloading triggers
[debug] [2019-09-22T14:31:22.934Z] [runtime-status] Functions runtime initialized. {"cwd":"E:\\Projects\\TestTaskDzuba\\functions","node_version":"10.16.0"}
[debug] [2019-09-22T14:31:22.934Z] [runtime-status] Disabled runtime features: {"functions_config_helper":true,"network_filtering":true,"timeout":true,"memory_limiting":true,"admin_stubs":true} {}
[debug] [2019-09-22T14:31:22.937Z] [runtime-status] Resolved module firebase-admin {"declared":true,"installed":true,"version":"8.6.0","resolution":"E:\\Projects\\TestTaskDzuba\\functions\\node_modules\\firebase-admin\\lib\\index.js"}
[debug] [2019-09-22T14:31:22.939Z] [runtime-status] Resolved module firebase-functions {"declared":true,"installed":true,"version":"3.2.0","resolution":"E:\\Projects\\TestTaskDzuba\\functions\\node_modules\\firebase-functions\\lib\\index.js"}
[debug] [2019-09-22T14:31:22.940Z] [runtime-status] Resolved module firebase-functions {"declared":true,"installed":true,"version":"3.2.0","resolution":"E:\\Projects\\TestTaskDzuba\\functions\\node_modules\\firebase-functions\\lib\\index.js"}
[debug] [2019-09-22T14:32:01.017Z] ----------------------------------------------------------------------
[debug] [2019-09-22T14:32:01.019Z] Command:       C:\Program Files\nodejs\node.exe C:\Users\tzar4\AppData\Roaming\npm\node_modules\firebase-tools\lib\bin\firebase.js serve
[debug] [2019-09-22T14:32:01.020Z] CLI Version:   7.3.2
[debug] [2019-09-22T14:32:01.020Z] Platform:      win32
[debug] [2019-09-22T14:32:01.020Z] Node Version:  v10.16.0
[debug] [2019-09-22T14:32:01.021Z] Time:          Sun Sep 22 2019 17:32:01 GMT+0300 (GMT+03:00)
[debug] [2019-09-22T14:32:01.021Z] ----------------------------------------------------------------------
[debug] 
[debug] [2019-09-22T14:32:01.029Z] > command requires scopes: ["email","openid","https://www.googleapis.com/auth/cloudplatformprojects.readonly","https://www.googleapis.com/auth/firebase","https://www.googleapis.com/auth/cloud-platform"]
[debug] [2019-09-22T14:32:01.030Z] > authorizing via signed-in user
[debug] [2019-09-22T14:32:01.030Z] [iam] checking project testtaskdzyuba for permissions ["firebase.projects.get"]
[debug] [2019-09-22T14:32:01.032Z] >>> HTTP REQUEST POST https://cloudresourcemanager.googleapis.com/v1/projects/testtaskdzyuba:testIamPermissions  

[debug] [2019-09-22T14:32:02.074Z] <<< HTTP RESPONSE 200
[debug] [2019-09-22T14:32:02.076Z] >>> HTTP REQUEST GET https://firebase.googleapis.com/v1beta1/projects/testtaskdzyuba  
 
[debug] [2019-09-22T14:32:02.353Z] <<< HTTP RESPONSE 200
[info] 
[info] === Serving from 'E:\Projects\TestTaskDzuba'...
[info] 
[debug] [2019-09-22T14:32:02.358Z] >>> HTTP REQUEST GET https://firebase.googleapis.com/v1beta1/projects/testtaskdzyuba/webApps/-/config  
 
[warn] !  Your requested "node" version "8" doesn't match your global version "10"
[info] +  functions: Emulator started at http://localhost:5001
[debug] [2019-09-22T14:32:02.808Z] <<< HTTP RESPONSE 200
[info] i  functions: Watching "E:\Projects\TestTaskDzuba\functions" for Cloud Functions...
[info] i  hosting: Serving hosting files from: dist
[info] +  hosting: Local server: http://localhost:5000
[debug] [2019-09-22T14:32:03.271Z] [runtime-status] Functions runtime initialized. {"cwd":"E:\\Projects\\TestTaskDzuba\\functions","node_version":"10.16.0"}
[debug] [2019-09-22T14:32:03.271Z] [runtime-status] Disabled runtime features: {"functions_config_helper":true,"network_filtering":true,"timeout":true,"memory_limiting":true,"admin_stubs":true} {}
[debug] [2019-09-22T14:32:03.274Z] [runtime-status] Resolved module firebase-admin {"declared":true,"installed":true,"version":"8.6.0","resolution":"E:\\Projects\\TestTaskDzuba\\functions\\node_modules\\firebase-admin\\lib\\index.js"}
[debug] [2019-09-22T14:32:03.275Z] [runtime-status] Resolved module firebase-functions {"declared":true,"installed":true,"version":"3.2.0","resolution":"E:\\Projects\\TestTaskDzuba\\functions\\node_modules\\firebase-functions\\lib\\index.js"}
[debug] [2019-09-22T14:32:03.276Z] [runtime-status] Resolved module firebase-functions {"declared":true,"installed":true,"version":"3.2.0","resolution":"E:\\Projects\\TestTaskDzuba\\functions\\node_modules\\firebase-functions\\lib\\index.js"}
[info] +  functions[onImageUpload]: http function initialized (http://localhost:5001/testtaskdzyuba/us-central1/onImageUpload).
[debug] [2019-09-22T14:32:20.522Z] Accepted request OPTIONS /testtaskdzyuba/us-central1/onImageUpload --> onImageUpload
[debug] [2019-09-22T14:32:20.943Z] [runtime-status] Functions runtime initialized. {"cwd":"E:\\Projects\\TestTaskDzuba\\functions","node_version":"10.16.0"}
[info] i  functions: Beginning execution of "onImageUpload"
[debug] [2019-09-22T14:32:20.945Z] [runtime-status] Disabled runtime features: {"functions_config_helper":true,"network_filtering":true,"timeout":true,"memory_limiting":true,"admin_stubs":true} {}
[debug] [2019-09-22T14:32:20.947Z] [runtime-status] Resolved module firebase-admin {"declared":true,"installed":true,"version":"8.6.0","resolution":"E:\\Projects\\TestTaskDzuba\\functions\\node_modules\\firebase-admin\\lib\\index.js"}
[debug] [2019-09-22T14:32:20.948Z] [runtime-status] Resolved module firebase-functions {"declared":true,"installed":true,"version":"3.2.0","resolution":"E:\\Projects\\TestTaskDzuba\\functions\\node_modules\\firebase-functions\\lib\\index.js"}
[debug] [2019-09-22T14:32:20.949Z] [runtime-status] Resolved module firebase-functions {"declared":true,"installed":true,"version":"3.2.0","resolution":"E:\\Projects\\TestTaskDzuba\\functions\\node_modules\\firebase-functions\\lib\\index.js"}
[debug] [2019-09-22T14:32:21.270Z] [runtime-status] Trigger "onImageUpload" has been found, beginning invocation! {}
[debug] [2019-09-22T14:32:21.270Z] [runtime-status]  {"httpsTrigger":{},"name":"onImageUpload","entryPoint":"onImageUpload"}
[debug] [2019-09-22T14:32:21.270Z] [runtime-status] Running onImageUpload in mode HTTPS {}
[debug] [2019-09-22T14:32:21.278Z] {"socketPath":"\\\\?\\pipe\\E:\\Projects\\TestTaskDzuba\\functions\\9756"}
[debug] [2019-09-22T14:32:21.280Z] [functions] Runtime ready! Sending request! {"socketPath":"\\\\?\\pipe\\E:\\Projects\\TestTaskDzuba\\functions\\9756"}
[debug] [2019-09-22T14:32:21.287Z] [runtime-status] Ephemeral server used! {}
[debug] [2019-09-22T14:32:21.292Z] [runtime-status] Ephemeral server survived. {}
[info] i  functions: Finished "onImageUpload" in ~1s
[debug] [2019-09-22T14:32:29.537Z] Accepted request OPTIONS /testtaskdzyuba/us-central1/onImageUpload --> onImageUpload
[debug] [2019-09-22T14:32:29.977Z] [runtime-status] Functions runtime initialized. {"cwd":"E:\\Projects\\TestTaskDzuba\\functions","node_version":"10.16.0"}
[info] i  functions: Beginning execution of "onImageUpload"
[debug] [2019-09-22T14:32:29.978Z] [runtime-status] Disabled runtime features: {"functions_config_helper":true,"network_filtering":true,"timeout":true,"memory_limiting":true,"admin_stubs":true} {}
[debug] [2019-09-22T14:32:29.981Z] [runtime-status] Resolved module firebase-admin {"declared":true,"installed":true,"version":"8.6.0","resolution":"E:\\Projects\\TestTaskDzuba\\functions\\node_modules\\firebase-admin\\lib\\index.js"}
[debug] [2019-09-22T14:32:29.982Z] [runtime-status] Resolved module firebase-functions {"declared":true,"installed":true,"version":"3.2.0","resolution":"E:\\Projects\\TestTaskDzuba\\functions\\node_modules\\firebase-functions\\lib\\index.js"}
[debug] [2019-09-22T14:32:29.983Z] [runtime-status] Resolved module firebase-functions {"declared":true,"installed":true,"version":"3.2.0","resolution":"E:\\Projects\\TestTaskDzuba\\functions\\node_modules\\firebase-functions\\lib\\index.js"}
[debug] [2019-09-22T14:32:30.319Z] [runtime-status] Trigger "onImageUpload" has been found, beginning invocation! {}
[debug] [2019-09-22T14:32:30.319Z] [runtime-status]  {"httpsTrigger":{},"name":"onImageUpload","entryPoint":"onImageUpload"}
[debug] [2019-09-22T14:32:30.319Z] [runtime-status] Running onImageUpload in mode HTTPS {}
[debug] [2019-09-22T14:32:30.327Z] {"socketPath":"\\\\?\\pipe\\E:\\Projects\\TestTaskDzuba\\functions\\680"}
[debug] [2019-09-22T14:32:30.328Z] [functions] Runtime ready! Sending request! {"socketPath":"\\\\?\\pipe\\E:\\Projects\\TestTaskDzuba\\functions\\680"}
[debug] [2019-09-22T14:32:30.335Z] [runtime-status] Ephemeral server used! {}
[debug] [2019-09-22T14:32:30.338Z] [runtime-status] Ephemeral server survived. {}
[info] i  functions: Finished "onImageUpload" in ~1s
[debug] [2019-09-22T14:33:10.357Z] ----------------------------------------------------------------------
[debug] [2019-09-22T14:33:10.360Z] Command:       C:\Program Files\nodejs\node.exe C:\Users\tzar4\AppData\Roaming\npm\node_modules\firebase-tools\lib\bin\firebase.js serve
[debug] [2019-09-22T14:33:10.360Z] CLI Version:   7.3.2
[debug] [2019-09-22T14:33:10.360Z] Platform:      win32
[debug] [2019-09-22T14:33:10.360Z] Node Version:  v10.16.0
[debug] [2019-09-22T14:33:10.361Z] Time:          Sun Sep 22 2019 17:33:10 GMT+0300 (GMT+03:00)
[debug] [2019-09-22T14:33:10.361Z] ----------------------------------------------------------------------
[debug] 
[debug] [2019-09-22T14:33:10.369Z] > command requires scopes: ["email","openid","https://www.googleapis.com/auth/cloudplatformprojects.readonly","https://www.googleapis.com/auth/firebase","https://www.googleapis.com/auth/cloud-platform"]
[debug] [2019-09-22T14:33:10.370Z] > authorizing via signed-in user
[debug] [2019-09-22T14:33:10.371Z] [iam] checking project testtaskdzyuba for permissions ["firebase.projects.get"]
[debug] [2019-09-22T14:33:10.373Z] >>> HTTP REQUEST POST https://cloudresourcemanager.googleapis.com/v1/projects/testtaskdzyuba:testIamPermissions  

[debug] [2019-09-22T14:33:11.396Z] <<< HTTP RESPONSE 200
[debug] [2019-09-22T14:33:11.398Z] >>> HTTP REQUEST GET https://firebase.googleapis.com/v1beta1/projects/testtaskdzyuba  
 
[debug] [2019-09-22T14:33:11.649Z] <<< HTTP RESPONSE 200
[info] 
[info] === Serving from 'E:\Projects\TestTaskDzuba'...
[info] 
[debug] [2019-09-22T14:33:11.654Z] >>> HTTP REQUEST GET https://firebase.googleapis.com/v1beta1/projects/testtaskdzyuba/webApps/-/config  
 
[warn] !  Your requested "node" version "8" doesn't match your global version "10"
[info] +  functions: Emulator started at http://localhost:5001
[debug] [2019-09-22T14:33:12.120Z] <<< HTTP RESPONSE 200
[info] i  functions: Watching "E:\Projects\TestTaskDzuba\functions" for Cloud Functions...
[info] i  hosting: Serving hosting files from: dist
[info] +  hosting: Local server: http://localhost:5000
[debug] [2019-09-22T14:33:12.578Z] [runtime-status] Functions runtime initialized. {"cwd":"E:\\Projects\\TestTaskDzuba\\functions","node_version":"10.16.0"}
[debug] [2019-09-22T14:33:12.578Z] [runtime-status] Disabled runtime features: {"functions_config_helper":true,"network_filtering":true,"timeout":true,"memory_limiting":true,"admin_stubs":true} {}
[debug] [2019-09-22T14:33:12.580Z] [runtime-status] Resolved module firebase-admin {"declared":true,"installed":true,"version":"8.6.0","resolution":"E:\\Projects\\TestTaskDzuba\\functions\\node_modules\\firebase-admin\\lib\\index.js"}
[debug] [2019-09-22T14:33:12.582Z] [runtime-status] Resolved module firebase-functions {"declared":true,"installed":true,"version":"3.2.0","resolution":"E:\\Projects\\TestTaskDzuba\\functions\\node_modules\\firebase-functions\\lib\\index.js"}
[debug] [2019-09-22T14:33:12.583Z] [runtime-status] Resolved module firebase-functions {"declared":true,"installed":true,"version":"3.2.0","resolution":"E:\\Projects\\TestTaskDzuba\\functions\\node_modules\\firebase-functions\\lib\\index.js"}
[warn] !  Error: Cannot find module 'E:\Projects\TestTaskDzuba\functions'
    at Function.Module._resolveFilename (internal/modules/cjs/loader.js:636:15)
    at Function.Module._load (internal/modules/cjs/loader.js:562:25)
    at Module.require (internal/modules/cjs/loader.js:690:17)
    at require (internal/modules/cjs/helpers.js:25:18)
    at C:\Users\tzar4\AppData\Roaming\npm\node_modules\firebase-tools\lib\emulator\functionsEmulatorRuntime.js:677:33
    at Generator.next (<anonymous>)
    at fulfilled (C:\Users\tzar4\AppData\Roaming\npm\node_modules\firebase-tools\lib\emulator\functionsEmulatorRuntime.js:4:58)
    at process._tickCallback (internal/process/next_tick.js:68:7)
    at Function.Module.runMain (internal/modules/cjs/loader.js:832:11)
    at startup (internal/bootstrap/node.js:283:19)
[warn] !  We were unable to load your functions code. (see above)
   - It appears your code is written in Typescript, which must be compiled before emulation.
   - You may be able to run "npm run build" in your functions directory to resolve this.
[debug] [2019-09-22T14:34:21.704Z] ----------------------------------------------------------------------
[debug] [2019-09-22T14:34:21.707Z] Command:       C:\Program Files\nodejs\node.exe C:\Users\tzar4\AppData\Roaming\npm\node_modules\firebase-tools\lib\bin\firebase.js serve
[debug] [2019-09-22T14:34:21.707Z] CLI Version:   7.3.2
[debug] [2019-09-22T14:34:21.707Z] Platform:      win32
[debug] [2019-09-22T14:34:21.707Z] Node Version:  v10.16.0
[debug] [2019-09-22T14:34:21.708Z] Time:          Sun Sep 22 2019 17:34:21 GMT+0300 (GMT+03:00)
[debug] [2019-09-22T14:34:21.708Z] ----------------------------------------------------------------------
[debug] 
[debug] [2019-09-22T14:34:21.717Z] > command requires scopes: ["email","openid","https://www.googleapis.com/auth/cloudplatformprojects.readonly","https://www.googleapis.com/auth/firebase","https://www.googleapis.com/auth/cloud-platform"]
[debug] [2019-09-22T14:34:21.717Z] > authorizing via signed-in user
[debug] [2019-09-22T14:34:21.717Z] [iam] checking project testtaskdzyuba for permissions ["firebase.projects.get"]
[debug] [2019-09-22T14:34:21.719Z] >>> HTTP REQUEST POST https://cloudresourcemanager.googleapis.com/v1/projects/testtaskdzyuba:testIamPermissions  

[debug] [2019-09-22T14:34:22.751Z] <<< HTTP RESPONSE 200
[debug] [2019-09-22T14:34:22.753Z] >>> HTTP REQUEST GET https://firebase.googleapis.com/v1beta1/projects/testtaskdzyuba  
 
[debug] [2019-09-22T14:34:23.015Z] <<< HTTP RESPONSE 200
[info] 
[info] === Serving from 'E:\Projects\TestTaskDzuba'...
[info] 
[debug] [2019-09-22T14:34:23.020Z] >>> HTTP REQUEST GET https://firebase.googleapis.com/v1beta1/projects/testtaskdzyuba/webApps/-/config  
 
[warn] !  Your requested "node" version "8" doesn't match your global version "10"
[info] +  functions: Emulator started at http://localhost:5001
[debug] [2019-09-22T14:34:23.502Z] <<< HTTP RESPONSE 200
[info] i  functions: Watching "E:\Projects\TestTaskDzuba\functions" for Cloud Functions...
[info] i  hosting: Serving hosting files from: dist
[info] +  hosting: Local server: http://localhost:5000
[debug] [2019-09-22T14:34:23.981Z] [runtime-status] Functions runtime initialized. {"cwd":"E:\\Projects\\TestTaskDzuba\\functions","node_version":"10.16.0"}
[debug] [2019-09-22T14:34:23.981Z] [runtime-status] Disabled runtime features: {"functions_config_helper":true,"network_filtering":true,"timeout":true,"memory_limiting":true,"admin_stubs":true} {}
[debug] [2019-09-22T14:34:23.983Z] [runtime-status] Resolved module firebase-admin {"declared":true,"installed":true,"version":"8.6.0","resolution":"E:\\Projects\\TestTaskDzuba\\functions\\node_modules\\firebase-admin\\lib\\index.js"}
[debug] [2019-09-22T14:34:23.985Z] [runtime-status] Resolved module firebase-functions {"declared":true,"installed":true,"version":"3.2.0","resolution":"E:\\Projects\\TestTaskDzuba\\functions\\node_modules\\firebase-functions\\lib\\index.js"}
[debug] [2019-09-22T14:34:23.985Z] [runtime-status] Resolved module firebase-functions {"declared":true,"installed":true,"version":"3.2.0","resolution":"E:\\Projects\\TestTaskDzuba\\functions\\node_modules\\firebase-functions\\lib\\index.js"}
[info] +  functions[onImageUpload]: http function initialized (http://localhost:5001/testtaskdzyuba/us-central1/onImageUpload).
[debug] [2019-09-22T14:34:42.642Z] Accepted request OPTIONS /testtaskdzyuba/us-central1/onImageUpload --> onImageUpload
[debug] [2019-09-22T14:34:43.075Z] [runtime-status] Functions runtime initialized. {"cwd":"E:\\Projects\\TestTaskDzuba\\functions","node_version":"10.16.0"}
[info] i  functions: Beginning execution of "onImageUpload"
[debug] [2019-09-22T14:34:43.076Z] [runtime-status] Disabled runtime features: {"functions_config_helper":true,"network_filtering":true,"timeout":true,"memory_limiting":true,"admin_stubs":true} {}
[debug] [2019-09-22T14:34:43.079Z] [runtime-status] Resolved module firebase-admin {"declared":true,"installed":true,"version":"8.6.0","resolution":"E:\\Projects\\TestTaskDzuba\\functions\\node_modules\\firebase-admin\\lib\\index.js"}
[debug] [2019-09-22T14:34:43.080Z] [runtime-status] Resolved module firebase-functions {"declared":true,"installed":true,"version":"3.2.0","resolution":"E:\\Projects\\TestTaskDzuba\\functions\\node_modules\\firebase-functions\\lib\\index.js"}
[debug] [2019-09-22T14:34:43.081Z] [runtime-status] Resolved module firebase-functions {"declared":true,"installed":true,"version":"3.2.0","resolution":"E:\\Projects\\TestTaskDzuba\\functions\\node_modules\\firebase-functions\\lib\\index.js"}
[debug] [2019-09-22T14:34:43.404Z] [runtime-status] Trigger "onImageUpload" has been found, beginning invocation! {}
[debug] [2019-09-22T14:34:43.404Z] [runtime-status]  {"httpsTrigger":{},"name":"onImageUpload","entryPoint":"onImageUpload"}
[debug] [2019-09-22T14:34:43.404Z] [runtime-status] Running onImageUpload in mode HTTPS {}
[debug] [2019-09-22T14:34:43.411Z] {"socketPath":"\\\\?\\pipe\\E:\\Projects\\TestTaskDzuba\\functions\\14016"}
[debug] [2019-09-22T14:34:43.414Z] [functions] Runtime ready! Sending request! {"socketPath":"\\\\?\\pipe\\E:\\Projects\\TestTaskDzuba\\functions\\14016"}
[debug] [2019-09-22T14:34:43.420Z] [runtime-status] Ephemeral server used! {}
[debug] [2019-09-22T14:34:43.424Z] [runtime-status] Ephemeral server survived. {}
[info] i  functions: Finished "onImageUpload" in ~1s
[debug] [2019-09-22T14:34:43.431Z] Accepted request POST /testtaskdzyuba/us-central1/onImageUpload --> onImageUpload
[debug] [2019-09-22T14:34:43.905Z] [runtime-status] Functions runtime initialized. {"cwd":"E:\\Projects\\TestTaskDzuba\\functions","node_version":"10.16.0"}
[info] i  functions: Beginning execution of "onImageUpload"
[debug] [2019-09-22T14:34:43.907Z] [runtime-status] Disabled runtime features: {"functions_config_helper":true,"network_filtering":true,"timeout":true,"memory_limiting":true,"admin_stubs":true} {}
[debug] [2019-09-22T14:34:43.909Z] [runtime-status] Resolved module firebase-admin {"declared":true,"installed":true,"version":"8.6.0","resolution":"E:\\Projects\\TestTaskDzuba\\functions\\node_modules\\firebase-admin\\lib\\index.js"}
[debug] [2019-09-22T14:34:43.910Z] [runtime-status] Resolved module firebase-functions {"declared":true,"installed":true,"version":"3.2.0","resolution":"E:\\Projects\\TestTaskDzuba\\functions\\node_modules\\firebase-functions\\lib\\index.js"}
[debug] [2019-09-22T14:34:43.911Z] [runtime-status] Resolved module firebase-functions {"declared":true,"installed":true,"version":"3.2.0","resolution":"E:\\Projects\\TestTaskDzuba\\functions\\node_modules\\firebase-functions\\lib\\index.js"}
[debug] [2019-09-22T14:34:44.230Z] [runtime-status] Trigger "onImageUpload" has been found, beginning invocation! {}
[debug] [2019-09-22T14:34:44.230Z] [runtime-status]  {"httpsTrigger":{},"name":"onImageUpload","entryPoint":"onImageUpload"}
[debug] [2019-09-22T14:34:44.230Z] [runtime-status] Running onImageUpload in mode HTTPS {}
[debug] [2019-09-22T14:34:44.238Z] {"socketPath":"\\\\?\\pipe\\E:\\Projects\\TestTaskDzuba\\functions\\3204"}
[debug] [2019-09-22T14:34:44.239Z] [functions] Runtime ready! Sending request! {"socketPath":"\\\\?\\pipe\\E:\\Projects\\TestTaskDzuba\\functions\\3204"}
[debug] [2019-09-22T14:34:44.265Z] [runtime-status] Ephemeral server used! {}
[info] >  [object Object]
[debug] [2019-09-22T14:34:44.271Z] [runtime-status] Ephemeral server survived. {}
[info] i  functions: Finished "onImageUpload" in ~1s
[debug] [2019-09-22T14:35:18.264Z] File E:\Projects\TestTaskDzuba\functions\src\index.ts changed, reloading triggers
[debug] [2019-09-22T14:35:19.759Z] [runtime-status] Functions runtime initialized. {"cwd":"E:\\Projects\\TestTaskDzuba\\functions","node_version":"10.16.0"}
[debug] [2019-09-22T14:35:19.759Z] [runtime-status] Disabled runtime features: {"functions_config_helper":true,"network_filtering":true,"timeout":true,"memory_limiting":true,"admin_stubs":true} {}
[debug] [2019-09-22T14:35:19.762Z] [runtime-status] Resolved module firebase-admin {"declared":true,"installed":true,"version":"8.6.0","resolution":"E:\\Projects\\TestTaskDzuba\\functions\\node_modules\\firebase-admin\\lib\\index.js"}
[debug] [2019-09-22T14:35:19.764Z] [runtime-status] Resolved module firebase-functions {"declared":true,"installed":true,"version":"3.2.0","resolution":"E:\\Projects\\TestTaskDzuba\\functions\\node_modules\\firebase-functions\\lib\\index.js"}
[debug] [2019-09-22T14:35:19.764Z] [runtime-status] Resolved module firebase-functions {"declared":true,"installed":true,"version":"3.2.0","resolution":"E:\\Projects\\TestTaskDzuba\\functions\\node_modules\\firebase-functions\\lib\\index.js"}
[debug] [2019-09-22T14:35:50.036Z] ----------------------------------------------------------------------
[debug] [2019-09-22T14:35:50.039Z] Command:       C:\Program Files\nodejs\node.exe C:\Users\tzar4\AppData\Roaming\npm\node_modules\firebase-tools\lib\bin\firebase.js serve
[debug] [2019-09-22T14:35:50.039Z] CLI Version:   7.3.2
[debug] [2019-09-22T14:35:50.039Z] Platform:      win32
[debug] [2019-09-22T14:35:50.039Z] Node Version:  v10.16.0
[debug] [2019-09-22T14:35:50.040Z] Time:          Sun Sep 22 2019 17:35:50 GMT+0300 (GMT+03:00)
[debug] [2019-09-22T14:35:50.040Z] ----------------------------------------------------------------------
[debug] 
[debug] [2019-09-22T14:35:50.048Z] > command requires scopes: ["email","openid","https://www.googleapis.com/auth/cloudplatformprojects.readonly","https://www.googleapis.com/auth/firebase","https://www.googleapis.com/auth/cloud-platform"]
[debug] [2019-09-22T14:35:50.049Z] > authorizing via signed-in user
[debug] [2019-09-22T14:35:50.049Z] [iam] checking project testtaskdzyuba for permissions ["firebase.projects.get"]
[debug] [2019-09-22T14:35:50.051Z] >>> HTTP REQUEST POST https://cloudresourcemanager.googleapis.com/v1/projects/testtaskdzyuba:testIamPermissions  

[debug] [2019-09-22T14:35:51.072Z] <<< HTTP RESPONSE 200
[debug] [2019-09-22T14:35:51.074Z] >>> HTTP REQUEST GET https://firebase.googleapis.com/v1beta1/projects/testtaskdzyuba  
 
[debug] [2019-09-22T14:35:51.350Z] <<< HTTP RESPONSE 200
[info] 
[info] === Serving from 'E:\Projects\TestTaskDzuba'...
[info] 
[debug] [2019-09-22T14:35:51.355Z] >>> HTTP REQUEST GET https://firebase.googleapis.com/v1beta1/projects/testtaskdzyuba/webApps/-/config  
 
[warn] !  Your requested "node" version "8" doesn't match your global version "10"
[info] +  functions: Emulator started at http://localhost:5001
[debug] [2019-09-22T14:35:51.814Z] <<< HTTP RESPONSE 200
[info] i  functions: Watching "E:\Projects\TestTaskDzuba\functions" for Cloud Functions...
[info] i  hosting: Serving hosting files from: dist
[info] +  hosting: Local server: http://localhost:5000
[debug] [2019-09-22T14:35:52.265Z] [runtime-status] Functions runtime initialized. {"cwd":"E:\\Projects\\TestTaskDzuba\\functions","node_version":"10.16.0"}
[debug] [2019-09-22T14:35:52.265Z] [runtime-status] Disabled runtime features: {"functions_config_helper":true,"network_filtering":true,"timeout":true,"memory_limiting":true,"admin_stubs":true} {}
[debug] [2019-09-22T14:35:52.267Z] [runtime-status] Resolved module firebase-admin {"declared":true,"installed":true,"version":"8.6.0","resolution":"E:\\Projects\\TestTaskDzuba\\functions\\node_modules\\firebase-admin\\lib\\index.js"}
[debug] [2019-09-22T14:35:52.269Z] [runtime-status] Resolved module firebase-functions {"declared":true,"installed":true,"version":"3.2.0","resolution":"E:\\Projects\\TestTaskDzuba\\functions\\node_modules\\firebase-functions\\lib\\index.js"}
[debug] [2019-09-22T14:35:52.269Z] [runtime-status] Resolved module firebase-functions {"declared":true,"installed":true,"version":"3.2.0","resolution":"E:\\Projects\\TestTaskDzuba\\functions\\node_modules\\firebase-functions\\lib\\index.js"}
[info] +  functions[onImageUpload]: http function initialized (http://localhost:5001/testtaskdzyuba/us-central1/onImageUpload).
[debug] [2019-09-22T14:36:02.016Z] Accepted request OPTIONS /testtaskdzyuba/us-central1/onImageUpload --> onImageUpload
[debug] [2019-09-22T14:36:02.441Z] [runtime-status] Functions runtime initialized. {"cwd":"E:\\Projects\\TestTaskDzuba\\functions","node_version":"10.16.0"}
[info] i  functions: Beginning execution of "onImageUpload"
[debug] [2019-09-22T14:36:02.443Z] [runtime-status] Disabled runtime features: {"functions_config_helper":true,"network_filtering":true,"timeout":true,"memory_limiting":true,"admin_stubs":true} {}
[debug] [2019-09-22T14:36:02.445Z] [runtime-status] Resolved module firebase-admin {"declared":true,"installed":true,"version":"8.6.0","resolution":"E:\\Projects\\TestTaskDzuba\\functions\\node_modules\\firebase-admin\\lib\\index.js"}
[debug] [2019-09-22T14:36:02.446Z] [runtime-status] Resolved module firebase-functions {"declared":true,"installed":true,"version":"3.2.0","resolution":"E:\\Projects\\TestTaskDzuba\\functions\\node_modules\\firebase-functions\\lib\\index.js"}
[debug] [2019-09-22T14:36:02.447Z] [runtime-status] Resolved module firebase-functions {"declared":true,"installed":true,"version":"3.2.0","resolution":"E:\\Projects\\TestTaskDzuba\\functions\\node_modules\\firebase-functions\\lib\\index.js"}
[debug] [2019-09-22T14:36:02.770Z] [runtime-status] Trigger "onImageUpload" has been found, beginning invocation! {}
[debug] [2019-09-22T14:36:02.770Z] [runtime-status]  {"httpsTrigger":{},"name":"onImageUpload","entryPoint":"onImageUpload"}
[debug] [2019-09-22T14:36:02.770Z] [runtime-status] Running onImageUpload in mode HTTPS {}
[debug] [2019-09-22T14:36:02.778Z] {"socketPath":"\\\\?\\pipe\\E:\\Projects\\TestTaskDzuba\\functions\\4512"}
[debug] [2019-09-22T14:36:02.781Z] [functions] Runtime ready! Sending request! {"socketPath":"\\\\?\\pipe\\E:\\Projects\\TestTaskDzuba\\functions\\4512"}
[debug] [2019-09-22T14:36:02.787Z] [runtime-status] Ephemeral server used! {}
[debug] [2019-09-22T14:36:02.792Z] [runtime-status] Ephemeral server survived. {}
[info] i  functions: Finished "onImageUpload" in ~1s
[debug] [2019-09-22T14:36:02.798Z] Accepted request POST /testtaskdzyuba/us-central1/onImageUpload --> onImageUpload
[debug] [2019-09-22T14:36:03.260Z] [runtime-status] Functions runtime initialized. {"cwd":"E:\\Projects\\TestTaskDzuba\\functions","node_version":"10.16.0"}
[info] i  functions: Beginning execution of "onImageUpload"
[debug] [2019-09-22T14:36:03.261Z] [runtime-status] Disabled runtime features: {"functions_config_helper":true,"network_filtering":true,"timeout":true,"memory_limiting":true,"admin_stubs":true} {}
[debug] [2019-09-22T14:36:03.264Z] [runtime-status] Resolved module firebase-admin {"declared":true,"installed":true,"version":"8.6.0","resolution":"E:\\Projects\\TestTaskDzuba\\functions\\node_modules\\firebase-admin\\lib\\index.js"}
[debug] [2019-09-22T14:36:03.265Z] [runtime-status] Resolved module firebase-functions {"declared":true,"installed":true,"version":"3.2.0","resolution":"E:\\Projects\\TestTaskDzuba\\functions\\node_modules\\firebase-functions\\lib\\index.js"}
[debug] [2019-09-22T14:36:03.266Z] [runtime-status] Resolved module firebase-functions {"declared":true,"installed":true,"version":"3.2.0","resolution":"E:\\Projects\\TestTaskDzuba\\functions\\node_modules\\firebase-functions\\lib\\index.js"}
[debug] [2019-09-22T14:36:03.588Z] [runtime-status] Trigger "onImageUpload" has been found, beginning invocation! {}
[debug] [2019-09-22T14:36:03.589Z] [runtime-status]  {"httpsTrigger":{},"name":"onImageUpload","entryPoint":"onImageUpload"}
[debug] [2019-09-22T14:36:03.589Z] [runtime-status] Running onImageUpload in mode HTTPS {}
[debug] [2019-09-22T14:36:03.597Z] {"socketPath":"\\\\?\\pipe\\E:\\Projects\\TestTaskDzuba\\functions\\2800"}
[debug] [2019-09-22T14:36:03.598Z] [functions] Runtime ready! Sending request! {"socketPath":"\\\\?\\pipe\\E:\\Projects\\TestTaskDzuba\\functions\\2800"}
[debug] [2019-09-22T14:36:03.618Z] [runtime-status] Ephemeral server used! {}
[info] >  [object Object]
[debug] [2019-09-22T14:36:03.623Z] [runtime-status] Ephemeral server survived. {}
[info] i  functions: Finished "onImageUpload" in ~1s
